<?xml version="1.0" encoding="UTF-8"?>
<!-- Generated by org.testng.reporters.JUnitReportReporter -->
<testsuite hostname="DESKTOP-82M7FQF" failures="0" tests="1" name="com.testscenarios.FaceBookLogin" time="3.073" errors="0" timestamp="2024-03-19T18:24:34 IST" skipped="0">
  <testcase classname="com.testscenarios.FaceBookLogin" name="login" time="3.073"/>
</testsuite> <!-- com.testscenarios.FaceBookLogin -->
