<?xml version="1.0" encoding="UTF-8"?>
<!-- Generated by org.testng.reporters.JUnitReportReporter -->
<testsuite hostname="SeenaReddy" failures="0" tests="1" name="com.testscenarios.FaceBookLogin" time="9.550" errors="0" timestamp="2024-03-24T08:03:51 MDT" skipped="0">
  <testcase classname="com.testscenarios.FaceBookLogin" name="login" time="9.550"/>
</testsuite> <!-- com.testscenarios.FaceBookLogin -->
