<?xml version="1.0" encoding="UTF-8"?>
<!-- Generated by org.testng.reporters.JUnitReportReporter -->
<testsuite hostname="DESKTOP-82M7FQF" failures="0" tests="1" name="com.testscenarios.FaceBookLogin" time="10.225" errors="0" timestamp="2024-03-24T18:15:57 IST" skipped="0">
  <testcase classname="com.testscenarios.FaceBookLogin" name="login" time="10.225"/>
</testsuite> <!-- com.testscenarios.FaceBookLogin -->
