<?xml version="1.0" encoding="UTF-8"?>
<!-- Generated by org.testng.reporters.JUnitReportReporter -->
<testsuite hostname="SeenaReddy" failures="0" tests="1" name="com.testscenarios.PHP_demo" time="5.177" errors="0" timestamp="2024-04-29T07:20:59 MDT" skipped="0">
  <testcase classname="com.testscenarios.PHP_demo" name="f" time="5.177"/>
</testsuite> <!-- com.testscenarios.PHP_demo -->
