<?xml version="1.0" encoding="UTF-8"?>
<!-- Generated by org.testng.reporters.JUnitReportReporter -->
<testsuite hostname="SeenaReddy" failures="0" tests="1" name="com.testscenarios.FaceBookLogin" time="7.983" errors="0" timestamp="2024-04-29T06:59:15 MDT" skipped="0">
  <testcase classname="com.testscenarios.FaceBookLogin" name="login" time="7.983"/>
</testsuite> <!-- com.testscenarios.FaceBookLogin -->
