<?xml version="1.0" encoding="UTF-8"?>
<!-- Generated by org.testng.reporters.JUnitReportReporter -->
<testsuite hostname="SeenaReddy" failures="0" tests="1" name="com.testscenarios.Clg_rig" time="18.134" errors="0" timestamp="2024-05-01T06:48:53 MDT" skipped="0">
  <testcase classname="com.testscenarios.Clg_rig" name="f" time="18.134"/>
</testsuite> <!-- com.testscenarios.Clg_rig -->
