<?xml version="1.0" encoding="UTF-8"?>
<!-- Generated by org.testng.reporters.JUnitReportReporter -->
<testsuite hostname="SeenaReddy" failures="0" tests="1" name="com.testscenarios.ORH_Login" time="23.023" errors="0" timestamp="2024-05-01T06:48:24 MDT" skipped="0">
  <testcase classname="com.testscenarios.ORH_Login" name="f" time="23.023"/>
</testsuite> <!-- com.testscenarios.ORH_Login -->
