<?xml version="1.0" encoding="UTF-8"?>
<!-- Generated by org.testng.reporters.JUnitReportReporter -->
<testsuite hostname="DESKTOP-82M7FQF" failures="0" tests="1" name="com.testscenarios.podfood_meena" time="12.753" errors="0" timestamp="2024-03-21T20:41:18 IST" skipped="0">
  <testcase classname="com.testscenarios.podfood_meena" name="login" time="12.753"/>
</testsuite> <!-- com.testscenarios.podfood_meena -->
