<?xml version="1.0" encoding="UTF-8"?>
<!-- Generated by org.testng.reporters.JUnitReportReporter -->
<testsuite hostname="SeenaReddy" failures="0" tests="1" name="com.testscenarios.ReadDataFromExcel2" time="6.614" errors="0" timestamp="2024-05-17T06:56:59 MDT" skipped="0">
  <testcase classname="com.testscenarios.ReadDataFromExcel2" name="f" time="6.614"/>
</testsuite> <!-- com.testscenarios.ReadDataFromExcel2 -->
