<?xml version="1.0" encoding="UTF-8"?>
<!-- Generated by org.testng.reporters.JUnitReportReporter -->
<testsuite hostname="SeenaReddy" failures="0" tests="1" name="com.testscenarios.opencart_meena" time="4.667" errors="0" timestamp="2024-03-24T08:14:41 MDT" skipped="0">
  <testcase classname="com.testscenarios.opencart_meena" name="opencart_register" time="4.667"/>
</testsuite> <!-- com.testscenarios.opencart_meena -->
