<?xml version="1.0" encoding="UTF-8"?>
<!-- Generated by org.testng.reporters.JUnitReportReporter -->
<testsuite hostname="SeenaReddy" failures="0" tests="1" name="com.testscenarios.ReadDataFromExcel" time="23.015" errors="0" timestamp="2024-05-17T06:38:24 MDT" skipped="0">
  <testcase classname="com.testscenarios.ReadDataFromExcel" name="f" time="23.015"/>
</testsuite> <!-- com.testscenarios.ReadDataFromExcel -->
